2020-09-27 10:12:29,460 - ERROR - test_dispatch.py[:44] - error
2020-09-27 10:12:29,460 - CRITICAL - test_dispatch.py[:45] - critical
2020-09-27 10:14:01,927 - ERROR - test_dispatch.py[:45] - error
2020-09-27 10:14:01,927 - CRITICAL - test_dispatch.py[:46] - critical
2020-09-28 13:33:03,236 - ERROR - test_dispatch.py[:45] - error
2020-09-28 13:33:03,237 - CRITICAL - test_dispatch.py[:46] - critical
2020-09-28 13:34:38,750 - INFO - test_dispatch.py[:41] - 测试用户登录
2020-09-28 13:34:38,751 - INFO - test_dispatch.py[:42] - infor
2020-09-28 13:34:38,751 - WARNING - test_dispatch.py[:44] - warning
2020-09-28 13:34:38,751 - ERROR - test_dispatch.py[:45] - error
2020-09-28 13:34:38,751 - CRITICAL - test_dispatch.py[:46] - critical
2020-09-28 13:43:49,686 - INFO - test_dispatch.py[:35] - 测试用户登录
2020-09-28 13:43:49,739 - INFO - test_dispatch.py[:71] - 新增派单成功，新增的id为：
2020-09-28 13:43:49,746 - INFO - test_dispatch.py[:72] - 152
2020-09-28 13:43:49,813 - INFO - test_dispatch.py[:71] - 新增派单成功，新增的id为：
2020-09-28 13:43:49,814 - INFO - test_dispatch.py[:72] - 152
2020-09-28 13:43:49,883 - INFO - test_dispatch.py[:71] - 新增派单成功，新增的id为：
2020-09-28 13:43:49,883 - INFO - test_dispatch.py[:72] - 152
2020-09-28 13:46:15,620 - INFO - test_dispatch.py[:35] - 测试用户登录
2020-09-28 13:46:15,707 - INFO - test_dispatch.py[:71] - 新增派单成功，新增的id为：
2020-09-28 13:46:15,707 - INFO - test_dispatch.py[:72] - 152
2020-09-28 13:46:15,777 - INFO - test_dispatch.py[:71] - 新增派单成功，新增的id为：
2020-09-28 13:46:15,777 - INFO - test_dispatch.py[:72] - 152
2020-09-28 13:46:15,833 - INFO - test_dispatch.py[:71] - 新增派单成功，新增的id为：
2020-09-28 13:46:15,833 - INFO - test_dispatch.py[:72] - 152
2020-09-28 16:37:27,956 - INFO - test_dispatch.py[:35] - 测试用户登录
2020-09-28 16:47:45,533 - INFO - test_dispatch.py[:39] - 测试用户登录
2020-09-28 16:48:01,377 - INFO - test_dispatch.py[:39] - 测试用户登录
2020-09-28 16:52:50,297 - INFO - test_dispatch.py[:39] - 测试用户登录
2020-09-28 16:54:57,725 - INFO - test_dispatch.py[:39] - 测试用户登录
2020-09-28 16:58:17,202 - INFO - test_dispatch.py[:39] - 测试用户登录
2020-09-28 16:58:54,100 - INFO - test_dispatch.py[:39] - 测试用户登录
2020-09-28 17:04:19,219 - INFO - test_dispatch.py[:39] - 测试用户登录
2020-09-28 17:13:01,768 - INFO - test_dispatch.py[:39] - 测试用户登录
2020-09-28 17:13:56,898 - INFO - test_dispatch.py[:39] - 测试用户登录
2020-09-28 17:20:21,036 - INFO - test_dispatch.py[:39] - 测试用户登录
2020-09-28 17:21:15,889 - INFO - test_dispatch.py[:39] - 测试用户登录
2020-09-28 17:25:05,459 - INFO - test_dispatch.py[:39] - 测试用户登录
2020-09-28 17:30:52,758 - INFO - test_dispatch.py[:39] - 测试用户登录
2020-09-28 17:32:25,657 - INFO - test_dispatch.py[:39] - 测试用户登录
2020-09-28 17:53:46,121 - INFO - test_dispatch.py[:39] - 测试用户登录
2020-09-29 09:37:56,064 - INFO - test_dispatch.py[:41] - 测试用户登录
2020-09-29 09:39:00,404 - INFO - test_dispatch.py[:41] - 测试用户登录
2020-09-29 09:39:30,158 - INFO - test_dispatch.py[:41] - 测试用户登录
2020-09-29 09:40:27,351 - INFO - test_dispatch.py[:41] - 测试用户登录
2020-09-29 09:45:21,157 - INFO - test_dispatch.py[:41] - 测试用户登录
2020-09-29 09:45:24,059 - INFO - test_dispatch.py[:41] - 测试用户登录
2020-09-29 09:45:26,410 - INFO - test_dispatch.py[:41] - 测试用户登录
2020-09-29 09:45:28,326 - INFO - test_dispatch.py[:41] - 测试用户登录
2020-09-29 09:45:30,758 - INFO - test_dispatch.py[:41] - 测试用户登录
2020-09-29 09:45:32,570 - INFO - test_dispatch.py[:41] - 测试用户登录
2020-09-29 09:45:34,637 - INFO - test_dispatch.py[:41] - 测试用户登录
2020-09-29 09:45:36,673 - INFO - test_dispatch.py[:41] - 测试用户登录
2020-09-29 09:45:49,874 - INFO - test_dispatch.py[:41] - 测试用户登录
2020-09-29 09:45:51,248 - INFO - test_dispatch.py[:41] - 测试用户登录
2020-09-29 09:45:55,234 - INFO - test_dispatch.py[:41] - 测试用户登录
2020-09-29 09:45:57,793 - INFO - test_dispatch.py[:41] - 测试用户登录
2020-09-29 09:45:59,708 - INFO - test_dispatch.py[:41] - 测试用户登录
2020-09-29 09:46:01,699 - INFO - test_dispatch.py[:41] - 测试用户登录
2020-09-29 09:46:03,429 - INFO - test_dispatch.py[:41] - 测试用户登录
2020-09-29 09:46:08,054 - INFO - test_dispatch.py[:41] - 测试用户登录
2020-09-29 09:46:09,968 - INFO - test_dispatch.py[:41] - 测试用户登录
2020-09-29 09:46:21,717 - INFO - test_dispatch.py[:41] - 测试用户登录
2020-09-29 09:47:07,782 - INFO - test_dispatch.py[:41] - 测试用户登录
2020-09-29 09:48:27,079 - INFO - test_dispatch.py[:41] - 测试用户登录
2020-09-29 10:00:54,590 - INFO - test_dispatch.py[:41] - 测试用户登录
2020-09-29 10:02:46,293 - INFO - test_dispatch.py[:41] - 测试用户登录
2020-09-29 10:09:34,988 - INFO - test_dispatch.py[:41] - 测试用户登录
2020-09-29 10:09:56,316 - INFO - test_dispatch.py[:41] - 测试用户登录
2020-09-29 10:10:09,618 - INFO - test_dispatch.py[:41] - 测试用户登录
2020-09-29 10:10:21,227 - INFO - test_dispatch.py[:41] - 测试用户登录
2020-09-29 10:11:46,902 - INFO - test_dispatch.py[:41] - 测试用户登录
2020-09-29 15:01:03,030 - INFO - test_dispatch.py[:43] - 测试用户登录
2020-09-29 15:01:47,463 - INFO - test_dispatch.py[:43] - 测试用户登录
2020-09-29 15:01:47,528 - INFO - test_dispatch.py[:72] - 新增派单成功，新增的id为：
2020-09-29 15:01:47,529 - INFO - test_dispatch.py[:73] - 152
2020-09-29 15:01:47,593 - INFO - test_dispatch.py[:72] - 新增派单成功，新增的id为：
2020-09-29 15:01:47,593 - INFO - test_dispatch.py[:73] - 152
2020-09-29 15:01:47,660 - INFO - test_dispatch.py[:72] - 新增派单成功，新增的id为：
2020-09-29 15:01:47,661 - INFO - test_dispatch.py[:73] - 152
2020-09-29 15:03:26,272 - INFO - test_dispatch.py[:43] - 测试用户登录
2020-09-29 15:03:26,328 - INFO - test_dispatch.py[:73] - 新增派单成功，新增的id为：
2020-09-29 15:03:26,328 - INFO - test_dispatch.py[:74] - 152
2020-09-29 15:03:26,386 - INFO - test_dispatch.py[:73] - 新增派单成功，新增的id为：
2020-09-29 15:03:26,386 - INFO - test_dispatch.py[:74] - 152
2020-09-29 15:03:26,445 - INFO - test_dispatch.py[:73] - 新增派单成功，新增的id为：
2020-09-29 15:03:26,446 - INFO - test_dispatch.py[:74] - 152
2020-09-29 15:06:39,077 - INFO - test_dispatch.py[:43] - 测试用户登录
2020-09-29 15:06:39,139 - INFO - test_dispatch.py[:73] - 新增派单成功，新增的id为：
2020-09-29 15:06:39,139 - INFO - test_dispatch.py[:74] - 152
2020-09-29 15:06:39,214 - INFO - test_dispatch.py[:73] - 新增派单成功，新增的id为：
2020-09-29 15:06:39,214 - INFO - test_dispatch.py[:74] - 152
2020-09-29 15:06:39,277 - INFO - test_dispatch.py[:73] - 新增派单成功，新增的id为：
2020-09-29 15:06:39,277 - INFO - test_dispatch.py[:74] - 152
2020-09-29 15:07:38,850 - INFO - test_dispatch.py[:43] - 测试用户登录
2020-09-29 15:07:38,909 - INFO - test_dispatch.py[:73] - 新增派单成功，新增的id为：
2020-09-29 15:07:38,909 - INFO - test_dispatch.py[:74] - 152
2020-09-29 15:07:38,972 - INFO - test_dispatch.py[:73] - 新增派单成功，新增的id为：
2020-09-29 15:07:38,973 - INFO - test_dispatch.py[:74] - 152
2020-09-29 15:07:39,036 - INFO - test_dispatch.py[:73] - 新增派单成功，新增的id为：
2020-09-29 15:07:39,036 - INFO - test_dispatch.py[:74] - 152
2020-09-29 15:08:48,962 - INFO - test_dispatch.py[:43] - 测试用户登录
2020-09-29 15:08:49,029 - INFO - test_dispatch.py[:73] - 新增派单成功，新增的id为：
2020-09-29 15:08:49,029 - INFO - test_dispatch.py[:74] - 152
2020-09-29 15:08:49,098 - INFO - test_dispatch.py[:73] - 新增派单成功，新增的id为：
2020-09-29 15:08:49,098 - INFO - test_dispatch.py[:74] - 152
2020-09-29 15:08:49,162 - INFO - test_dispatch.py[:73] - 新增派单成功，新增的id为：
2020-09-29 15:08:49,162 - INFO - test_dispatch.py[:74] - 152
2020-09-29 15:08:49,339 - INFO - test_dispatch.py[:73] - 新增派单成功，新增的id为：
2020-09-29 15:08:49,339 - INFO - test_dispatch.py[:74] - 152
2020-09-29 15:08:49,414 - INFO - test_dispatch.py[:73] - 新增派单成功，新增的id为：
2020-09-29 15:08:49,415 - INFO - test_dispatch.py[:74] - 152
2020-09-29 15:09:51,702 - INFO - test_dispatch.py[:43] - 测试用户登录
2020-09-29 15:09:51,774 - INFO - test_dispatch.py[:73] - 新增派单成功，新增的id为：
2020-09-29 15:09:51,774 - INFO - test_dispatch.py[:74] - 152
2020-09-29 15:09:51,848 - INFO - test_dispatch.py[:73] - 新增派单成功，新增的id为：
2020-09-29 15:09:51,848 - INFO - test_dispatch.py[:74] - 152
2020-09-29 15:09:51,905 - INFO - test_dispatch.py[:73] - 新增派单成功，新增的id为：
2020-09-29 15:09:51,905 - INFO - test_dispatch.py[:74] - 152
2020-09-29 15:09:51,968 - INFO - test_dispatch.py[:73] - 新增派单成功，新增的id为：
2020-09-29 15:09:51,968 - INFO - test_dispatch.py[:74] - 152
2020-09-29 15:09:52,038 - INFO - test_dispatch.py[:73] - 新增派单成功，新增的id为：
2020-09-29 15:09:52,038 - INFO - test_dispatch.py[:74] - 152
2020-09-29 15:51:31,206 - INFO - test_dispatch.py[:45] - 测试用户登录
2020-09-29 16:19:11,689 - INFO - test_dispatch.py[:57] - 测试用户登录
2020-09-29 16:19:11,739 - INFO - test_dispatch.py[:87] - 新增派单成功，新增的id为：
2020-09-29 16:19:11,740 - INFO - test_dispatch.py[:88] - 152
2020-09-29 16:19:11,803 - INFO - test_dispatch.py[:87] - 新增派单成功，新增的id为：
2020-09-29 16:19:11,804 - INFO - test_dispatch.py[:88] - 152
2020-09-29 16:19:11,871 - INFO - test_dispatch.py[:87] - 新增派单成功，新增的id为：
2020-09-29 16:19:11,872 - INFO - test_dispatch.py[:88] - 152
2020-09-29 16:19:11,949 - INFO - test_dispatch.py[:87] - 新增派单成功，新增的id为：
2020-09-29 16:19:11,950 - INFO - test_dispatch.py[:88] - 152
2020-09-29 16:19:12,084 - INFO - test_dispatch.py[:87] - 新增派单成功，新增的id为：
2020-09-29 16:19:12,084 - INFO - test_dispatch.py[:88] - 152
2020-09-29 16:20:20,922 - INFO - test_dispatch.py[:57] - 测试用户登录
2020-09-29 16:20:20,974 - INFO - test_dispatch.py[:87] - 新增派单成功，新增的id为：
2020-09-29 16:20:20,975 - INFO - test_dispatch.py[:88] - 152
2020-09-29 16:20:21,056 - INFO - test_dispatch.py[:87] - 新增派单成功，新增的id为：
2020-09-29 16:20:21,056 - INFO - test_dispatch.py[:88] - 152
2020-09-29 16:20:21,171 - INFO - test_dispatch.py[:87] - 新增派单成功，新增的id为：
2020-09-29 16:20:21,171 - INFO - test_dispatch.py[:88] - 152
2020-09-29 16:20:21,256 - INFO - test_dispatch.py[:87] - 新增派单成功，新增的id为：
2020-09-29 16:20:21,257 - INFO - test_dispatch.py[:88] - 152
2020-09-29 16:20:21,325 - INFO - test_dispatch.py[:87] - 新增派单成功，新增的id为：
2020-09-29 16:20:21,325 - INFO - test_dispatch.py[:88] - 152
2020-09-29 16:24:54,233 - INFO - test_dispatch.py[:57] - 测试用户登录
2020-09-29 16:24:54,298 - INFO - test_dispatch.py[:87] - 新增派单成功，新增的id为：
2020-09-29 16:24:54,298 - INFO - test_dispatch.py[:88] - 152
2020-09-29 16:24:54,362 - INFO - test_dispatch.py[:87] - 新增派单成功，新增的id为：
2020-09-29 16:24:54,362 - INFO - test_dispatch.py[:88] - 152
2020-09-29 16:24:54,424 - INFO - test_dispatch.py[:87] - 新增派单成功，新增的id为：
2020-09-29 16:24:54,425 - INFO - test_dispatch.py[:88] - 152
2020-09-29 16:24:54,488 - INFO - test_dispatch.py[:87] - 新增派单成功，新增的id为：
2020-09-29 16:24:54,489 - INFO - test_dispatch.py[:88] - 152
2020-09-29 16:24:54,545 - INFO - test_dispatch.py[:87] - 新增派单成功，新增的id为：
2020-09-29 16:24:54,545 - INFO - test_dispatch.py[:88] - 152
2020-09-29 16:25:08,514 - INFO - test_dispatch.py[:57] - 测试用户登录
2020-09-29 16:25:08,576 - INFO - test_dispatch.py[:87] - 新增派单成功，新增的id为：
2020-09-29 16:25:08,576 - INFO - test_dispatch.py[:88] - 152
2020-09-29 16:25:08,646 - INFO - test_dispatch.py[:87] - 新增派单成功，新增的id为：
2020-09-29 16:25:08,646 - INFO - test_dispatch.py[:88] - 152
2020-09-29 16:25:08,725 - INFO - test_dispatch.py[:87] - 新增派单成功，新增的id为：
2020-09-29 16:25:08,726 - INFO - test_dispatch.py[:88] - 152
2020-09-29 16:25:08,824 - INFO - test_dispatch.py[:87] - 新增派单成功，新增的id为：
2020-09-29 16:25:08,824 - INFO - test_dispatch.py[:88] - 152
2020-09-29 16:25:08,898 - INFO - test_dispatch.py[:87] - 新增派单成功，新增的id为：
2020-09-29 16:25:08,898 - INFO - test_dispatch.py[:88] - 152
2020-09-29 16:38:29,138 - INFO - test_dispatch.py[:55] - 测试用户登录
2020-09-29 16:38:29,246 - INFO - test_dispatch.py[:86] - 新增派单成功，新增的id为：
2020-09-29 16:38:29,246 - INFO - test_dispatch.py[:87] - 152
2020-09-29 16:38:29,305 - INFO - test_dispatch.py[:86] - 新增派单成功，新增的id为：
2020-09-29 16:38:29,305 - INFO - test_dispatch.py[:87] - 152
2020-09-29 16:38:29,374 - INFO - test_dispatch.py[:86] - 新增派单成功，新增的id为：
2020-09-29 16:38:29,374 - INFO - test_dispatch.py[:87] - 152
2020-09-29 16:38:29,437 - INFO - test_dispatch.py[:86] - 新增派单成功，新增的id为：
2020-09-29 16:38:29,438 - INFO - test_dispatch.py[:87] - 152
2020-09-29 16:38:29,506 - INFO - test_dispatch.py[:86] - 新增派单成功，新增的id为：
2020-09-29 16:38:29,506 - INFO - test_dispatch.py[:87] - 152
2020-09-29 16:39:53,141 - INFO - test_dispatch.py[:55] - 测试用户登录
2020-09-29 16:39:53,255 - INFO - test_dispatch.py[:86] - 新增派单成功，新增的id为：
2020-09-29 16:39:53,255 - INFO - test_dispatch.py[:87] - 152
2020-09-29 16:39:53,312 - INFO - test_dispatch.py[:86] - 新增派单成功，新增的id为：
2020-09-29 16:39:53,313 - INFO - test_dispatch.py[:87] - 152
2020-09-29 16:39:53,376 - INFO - test_dispatch.py[:86] - 新增派单成功，新增的id为：
2020-09-29 16:39:53,376 - INFO - test_dispatch.py[:87] - 152
2020-09-29 16:39:53,433 - INFO - test_dispatch.py[:86] - 新增派单成功，新增的id为：
2020-09-29 16:39:53,433 - INFO - test_dispatch.py[:87] - 152
2020-09-29 16:39:53,497 - INFO - test_dispatch.py[:86] - 新增派单成功，新增的id为：
2020-09-29 16:39:53,497 - INFO - test_dispatch.py[:87] - 152
2020-09-29 16:40:26,800 - INFO - test_dispatch.py[:55] - 测试用户登录
2020-09-29 16:40:26,865 - INFO - test_dispatch.py[:86] - 新增派单成功，新增的id为：
2020-09-29 16:40:26,865 - INFO - test_dispatch.py[:87] - 152
2020-09-29 16:40:26,922 - INFO - test_dispatch.py[:86] - 新增派单成功，新增的id为：
2020-09-29 16:40:26,922 - INFO - test_dispatch.py[:87] - 152
2020-09-29 16:40:26,980 - INFO - test_dispatch.py[:86] - 新增派单成功，新增的id为：
2020-09-29 16:40:26,980 - INFO - test_dispatch.py[:87] - 152
2020-09-29 16:40:27,043 - INFO - test_dispatch.py[:86] - 新增派单成功，新增的id为：
2020-09-29 16:40:27,043 - INFO - test_dispatch.py[:87] - 152
2020-09-29 16:40:27,100 - INFO - test_dispatch.py[:86] - 新增派单成功，新增的id为：
2020-09-29 16:40:27,101 - INFO - test_dispatch.py[:87] - 152
2020-09-29 16:42:11,654 - INFO - test_dispatch.py[:55] - 测试用户登录
2020-09-29 16:42:11,718 - INFO - test_dispatch.py[:86] - 新增派单成功，新增的id为：
2020-09-29 16:42:11,718 - INFO - test_dispatch.py[:87] - 152
2020-09-29 16:42:11,787 - INFO - test_dispatch.py[:86] - 新增派单成功，新增的id为：
2020-09-29 16:42:11,788 - INFO - test_dispatch.py[:87] - 152
2020-09-29 16:42:11,862 - INFO - test_dispatch.py[:86] - 新增派单成功，新增的id为：
2020-09-29 16:42:11,862 - INFO - test_dispatch.py[:87] - 152
2020-09-29 16:42:11,931 - INFO - test_dispatch.py[:86] - 新增派单成功，新增的id为：
2020-09-29 16:42:11,931 - INFO - test_dispatch.py[:87] - 152
2020-09-29 16:42:11,999 - INFO - test_dispatch.py[:86] - 新增派单成功，新增的id为：
2020-09-29 16:42:11,999 - INFO - test_dispatch.py[:87] - 152
2020-09-29 16:45:06,115 - INFO - test_dispatch.py[:55] - 测试用户登录
2020-09-29 16:45:06,179 - INFO - test_dispatch.py[:85] - 新增派单成功，新增的id为：
2020-09-29 16:45:06,180 - INFO - test_dispatch.py[:86] - 152
2020-09-29 16:45:06,249 - INFO - test_dispatch.py[:85] - 新增派单成功，新增的id为：
2020-09-29 16:45:06,249 - INFO - test_dispatch.py[:86] - 152
2020-09-29 16:45:06,346 - INFO - test_dispatch.py[:85] - 新增派单成功，新增的id为：
2020-09-29 16:45:06,346 - INFO - test_dispatch.py[:86] - 152
2020-09-29 16:45:06,416 - INFO - test_dispatch.py[:85] - 新增派单成功，新增的id为：
2020-09-29 16:45:06,416 - INFO - test_dispatch.py[:86] - 152
2020-09-29 16:45:06,484 - INFO - test_dispatch.py[:85] - 新增派单成功，新增的id为：
2020-09-29 16:45:06,484 - INFO - test_dispatch.py[:86] - 152
2020-09-29 16:46:18,833 - INFO - test_dispatch.py[:55] - 测试用户登录
2020-09-29 16:46:18,888 - INFO - test_dispatch.py[:85] - 新增派单成功，新增的id为：
2020-09-29 16:46:18,888 - INFO - test_dispatch.py[:86] - 152
2020-09-29 16:46:18,947 - INFO - test_dispatch.py[:85] - 新增派单成功，新增的id为：
2020-09-29 16:46:18,947 - INFO - test_dispatch.py[:86] - 152
2020-09-29 16:46:19,004 - INFO - test_dispatch.py[:85] - 新增派单成功，新增的id为：
2020-09-29 16:46:19,004 - INFO - test_dispatch.py[:86] - 152
2020-09-29 16:46:19,063 - INFO - test_dispatch.py[:85] - 新增派单成功，新增的id为：
2020-09-29 16:46:19,063 - INFO - test_dispatch.py[:86] - 152
2020-09-29 16:46:19,124 - INFO - test_dispatch.py[:85] - 新增派单成功，新增的id为：
2020-09-29 16:46:19,124 - INFO - test_dispatch.py[:86] - 152
2020-09-29 16:47:49,203 - INFO - test_dispatch.py[:55] - 测试用户登录
2020-09-29 16:47:49,269 - INFO - test_dispatch.py[:85] - 新增派单成功，新增的id为：
2020-09-29 16:47:49,269 - INFO - test_dispatch.py[:86] - 152
2020-09-29 16:47:49,331 - INFO - test_dispatch.py[:85] - 新增派单成功，新增的id为：
2020-09-29 16:47:49,331 - INFO - test_dispatch.py[:86] - 152
2020-09-29 16:47:49,399 - INFO - test_dispatch.py[:85] - 新增派单成功，新增的id为：
2020-09-29 16:47:49,400 - INFO - test_dispatch.py[:86] - 152
2020-09-29 16:47:49,469 - INFO - test_dispatch.py[:85] - 新增派单成功，新增的id为：
2020-09-29 16:47:49,469 - INFO - test_dispatch.py[:86] - 152
2020-09-29 16:47:49,527 - INFO - test_dispatch.py[:85] - 新增派单成功，新增的id为：
2020-09-29 16:47:49,527 - INFO - test_dispatch.py[:86] - 152
2020-09-29 16:49:12,157 - INFO - test_dispatch.py[:54] - 测试用户登录
2020-09-29 16:49:12,210 - INFO - test_dispatch.py[:84] - 新增派单成功，新增的id为：
2020-09-29 16:49:12,211 - INFO - test_dispatch.py[:85] - 152
2020-09-29 16:49:12,326 - INFO - test_dispatch.py[:84] - 新增派单成功，新增的id为：
2020-09-29 16:49:12,326 - INFO - test_dispatch.py[:85] - 152
2020-09-29 16:49:12,383 - INFO - test_dispatch.py[:84] - 新增派单成功，新增的id为：
2020-09-29 16:49:12,383 - INFO - test_dispatch.py[:85] - 152
2020-09-29 16:49:12,441 - INFO - test_dispatch.py[:84] - 新增派单成功，新增的id为：
2020-09-29 16:49:12,441 - INFO - test_dispatch.py[:85] - 152
2020-09-29 16:49:12,503 - INFO - test_dispatch.py[:84] - 新增派单成功，新增的id为：
2020-09-29 16:49:12,504 - INFO - test_dispatch.py[:85] - 152
2020-09-29 16:50:31,081 - INFO - test_dispatch.py[:54] - 测试用户登录
2020-09-29 16:50:31,200 - INFO - test_dispatch.py[:85] - 新增派单成功，新增的id为：
2020-09-29 16:50:31,200 - INFO - test_dispatch.py[:86] - 152
2020-09-29 16:50:31,280 - INFO - test_dispatch.py[:85] - 新增派单成功，新增的id为：
2020-09-29 16:50:31,280 - INFO - test_dispatch.py[:86] - 152
2020-09-29 16:50:31,367 - INFO - test_dispatch.py[:85] - 新增派单成功，新增的id为：
2020-09-29 16:50:31,368 - INFO - test_dispatch.py[:86] - 152
2020-09-29 16:50:31,442 - INFO - test_dispatch.py[:85] - 新增派单成功，新增的id为：
2020-09-29 16:50:31,442 - INFO - test_dispatch.py[:86] - 152
2020-09-29 16:50:31,510 - INFO - test_dispatch.py[:85] - 新增派单成功，新增的id为：
2020-09-29 16:50:31,510 - INFO - test_dispatch.py[:86] - 152
2020-09-29 16:51:57,377 - INFO - test_dispatch.py[:54] - 测试用户登录
2020-09-29 16:51:57,436 - INFO - test_dispatch.py[:85] - 新增派单成功，新增的id为：
2020-09-29 16:51:57,437 - INFO - test_dispatch.py[:86] - 152
2020-09-29 16:51:57,516 - INFO - test_dispatch.py[:85] - 新增派单成功，新增的id为：
2020-09-29 16:51:57,516 - INFO - test_dispatch.py[:86] - 152
2020-09-29 16:51:57,585 - INFO - test_dispatch.py[:85] - 新增派单成功，新增的id为：
2020-09-29 16:51:57,585 - INFO - test_dispatch.py[:86] - 152
2020-09-29 16:51:57,648 - INFO - test_dispatch.py[:85] - 新增派单成功，新增的id为：
2020-09-29 16:51:57,649 - INFO - test_dispatch.py[:86] - 152
2020-09-29 16:51:57,712 - INFO - test_dispatch.py[:85] - 新增派单成功，新增的id为：
2020-09-29 16:51:57,712 - INFO - test_dispatch.py[:86] - 152
2020-09-29 16:55:11,787 - INFO - test_dispatch.py[:54] - 测试用户登录
2020-09-29 16:55:11,858 - INFO - test_dispatch.py[:85] - 新增派单成功，新增的id为：
2020-09-29 16:55:11,859 - INFO - test_dispatch.py[:86] - 152
2020-09-29 16:55:11,945 - INFO - test_dispatch.py[:85] - 新增派单成功，新增的id为：
2020-09-29 16:55:11,945 - INFO - test_dispatch.py[:86] - 152
2020-09-29 16:55:12,019 - INFO - test_dispatch.py[:85] - 新增派单成功，新增的id为：
2020-09-29 16:55:12,019 - INFO - test_dispatch.py[:86] - 152
2020-09-29 16:55:12,083 - INFO - test_dispatch.py[:85] - 新增派单成功，新增的id为：
2020-09-29 16:55:12,083 - INFO - test_dispatch.py[:86] - 152
2020-09-29 16:55:12,152 - INFO - test_dispatch.py[:85] - 新增派单成功，新增的id为：
2020-09-29 16:55:12,152 - INFO - test_dispatch.py[:86] - 152
2020-09-29 16:56:22,954 - INFO - test_dispatch.py[:54] - 测试用户登录
2020-09-29 16:56:23,036 - INFO - test_dispatch.py[:85] - 新增派单成功，新增的id为：
2020-09-29 16:56:23,036 - INFO - test_dispatch.py[:86] - 152
2020-09-29 16:56:23,105 - INFO - test_dispatch.py[:85] - 新增派单成功，新增的id为：
2020-09-29 16:56:23,105 - INFO - test_dispatch.py[:86] - 152
2020-09-29 16:56:23,208 - INFO - test_dispatch.py[:85] - 新增派单成功，新增的id为：
2020-09-29 16:56:23,208 - INFO - test_dispatch.py[:86] - 152
2020-09-29 16:56:23,283 - INFO - test_dispatch.py[:85] - 新增派单成功，新增的id为：
2020-09-29 16:56:23,284 - INFO - test_dispatch.py[:86] - 152
2020-09-29 16:56:23,376 - INFO - test_dispatch.py[:85] - 新增派单成功，新增的id为：
2020-09-29 16:56:23,376 - INFO - test_dispatch.py[:86] - 152
2020-09-29 16:57:26,011 - INFO - test_dispatch.py[:52] - 测试用户登录
2020-09-29 16:57:54,689 - INFO - test_dispatch.py[:52] - 测试用户登录
2020-09-29 16:58:43,432 - INFO - test_dispatch.py[:52] - 测试用户登录
2020-09-29 16:59:21,474 - INFO - test_dispatch.py[:53] - 测试用户登录
2020-09-29 17:13:07,939 - INFO - test_dispatch.py[:54] - 测试用户登录
2020-09-29 17:13:08,001 - INFO - test_dispatch.py[:85] - 新增派单成功，新增的id为：
2020-09-29 17:13:08,001 - INFO - test_dispatch.py[:86] - 152
2020-09-29 17:13:08,076 - INFO - test_dispatch.py[:85] - 新增派单成功，新增的id为：
2020-09-29 17:13:08,076 - INFO - test_dispatch.py[:86] - 152
2020-09-29 17:13:08,145 - INFO - test_dispatch.py[:85] - 新增派单成功，新增的id为：
2020-09-29 17:13:08,145 - INFO - test_dispatch.py[:86] - 152
2020-09-29 17:13:08,220 - INFO - test_dispatch.py[:85] - 新增派单成功，新增的id为：
2020-09-29 17:13:08,220 - INFO - test_dispatch.py[:86] - 152
2020-09-29 17:13:08,282 - INFO - test_dispatch.py[:85] - 新增派单成功，新增的id为：
2020-09-29 17:13:08,283 - INFO - test_dispatch.py[:86] - 152
2020-09-29 17:16:23,147 - INFO - test_dispatch.py[:54] - 测试用户登录
2020-09-29 17:16:23,214 - INFO - test_dispatch.py[:86] - 新增派单成功，新增的id为：
2020-09-29 17:16:23,214 - INFO - test_dispatch.py[:87] - 152
2020-09-29 17:16:23,282 - INFO - test_dispatch.py[:86] - 新增派单成功，新增的id为：
2020-09-29 17:16:23,283 - INFO - test_dispatch.py[:87] - 152
2020-09-29 17:16:23,421 - INFO - test_dispatch.py[:86] - 新增派单成功，新增的id为：
2020-09-29 17:16:23,421 - INFO - test_dispatch.py[:87] - 152
2020-09-29 17:16:23,500 - INFO - test_dispatch.py[:86] - 新增派单成功，新增的id为：
2020-09-29 17:16:23,500 - INFO - test_dispatch.py[:87] - 152
2020-09-29 17:16:23,569 - INFO - test_dispatch.py[:86] - 新增派单成功，新增的id为：
2020-09-29 17:16:23,570 - INFO - test_dispatch.py[:87] - 152
2020-09-29 17:18:05,763 - INFO - test_dispatch.py[:54] - 测试用户登录
2020-09-29 17:18:05,822 - INFO - test_dispatch.py[:86] - 新增派单成功，新增的id为：
2020-09-29 17:18:05,822 - INFO - test_dispatch.py[:87] - 152
2020-09-29 17:18:05,908 - INFO - test_dispatch.py[:86] - 新增派单成功，新增的id为：
2020-09-29 17:18:05,908 - INFO - test_dispatch.py[:87] - 152
2020-09-29 17:18:05,977 - INFO - test_dispatch.py[:86] - 新增派单成功，新增的id为：
2020-09-29 17:18:05,977 - INFO - test_dispatch.py[:87] - 152
2020-09-29 17:18:06,201 - INFO - test_dispatch.py[:86] - 新增派单成功，新增的id为：
2020-09-29 17:18:06,201 - INFO - test_dispatch.py[:87] - 152
2020-09-29 17:18:06,263 - INFO - test_dispatch.py[:86] - 新增派单成功，新增的id为：
2020-09-29 17:18:06,263 - INFO - test_dispatch.py[:87] - 152
2020-09-29 17:19:38,999 - INFO - test_dispatch.py[:54] - 测试用户登录
2020-09-29 17:19:39,058 - INFO - test_dispatch.py[:86] - 新增派单成功，新增的id为：
2020-09-29 17:19:39,058 - INFO - test_dispatch.py[:87] - 152
2020-09-29 17:19:39,128 - INFO - test_dispatch.py[:86] - 新增派单成功，新增的id为：
2020-09-29 17:19:39,128 - INFO - test_dispatch.py[:87] - 152
2020-09-29 17:19:39,189 - INFO - test_dispatch.py[:86] - 新增派单成功，新增的id为：
2020-09-29 17:19:39,189 - INFO - test_dispatch.py[:87] - 152
2020-09-29 17:19:39,258 - INFO - test_dispatch.py[:86] - 新增派单成功，新增的id为：
2020-09-29 17:19:39,258 - INFO - test_dispatch.py[:87] - 152
2020-09-29 17:19:39,331 - INFO - test_dispatch.py[:86] - 新增派单成功，新增的id为：
2020-09-29 17:19:39,331 - INFO - test_dispatch.py[:87] - 152
2020-09-29 17:21:44,263 - INFO - test_dispatch.py[:54] - 测试用户登录
2020-09-29 17:21:44,322 - INFO - test_dispatch.py[:86] - 新增派单成功，新增的id为：
2020-09-29 17:21:44,323 - INFO - test_dispatch.py[:87] - 152
2020-09-29 17:21:44,397 - INFO - test_dispatch.py[:86] - 新增派单成功，新增的id为：
2020-09-29 17:21:44,398 - INFO - test_dispatch.py[:87] - 152
2020-09-29 17:21:44,491 - INFO - test_dispatch.py[:86] - 新增派单成功，新增的id为：
2020-09-29 17:21:44,492 - INFO - test_dispatch.py[:87] - 152
2020-09-29 17:21:44,576 - INFO - test_dispatch.py[:86] - 新增派单成功，新增的id为：
2020-09-29 17:21:44,576 - INFO - test_dispatch.py[:87] - 152
2020-09-29 17:21:44,651 - INFO - test_dispatch.py[:86] - 新增派单成功，新增的id为：
2020-09-29 17:21:44,651 - INFO - test_dispatch.py[:87] - 152
2020-09-29 17:23:37,957 - INFO - test_dispatch.py[:54] - 测试用户登录
2020-09-29 17:23:38,018 - INFO - test_dispatch.py[:86] - 新增派单成功，新增的id为：
2020-09-29 17:23:38,018 - INFO - test_dispatch.py[:87] - 152
2020-09-29 17:23:38,080 - INFO - test_dispatch.py[:86] - 新增派单成功，新增的id为：
2020-09-29 17:23:38,081 - INFO - test_dispatch.py[:87] - 152
2020-09-29 17:23:38,155 - INFO - test_dispatch.py[:86] - 新增派单成功，新增的id为：
2020-09-29 17:23:38,155 - INFO - test_dispatch.py[:87] - 152
2020-09-29 17:23:38,217 - INFO - test_dispatch.py[:86] - 新增派单成功，新增的id为：
2020-09-29 17:23:38,218 - INFO - test_dispatch.py[:87] - 152
2020-09-29 17:23:38,287 - INFO - test_dispatch.py[:86] - 新增派单成功，新增的id为：
2020-09-29 17:23:38,287 - INFO - test_dispatch.py[:87] - 152
2020-09-29 17:24:35,015 - INFO - test_dispatch.py[:55] - 测试用户登录
2020-09-29 17:24:35,078 - INFO - test_dispatch.py[:87] - 新增派单成功，新增的id为：
2020-09-29 17:24:35,078 - INFO - test_dispatch.py[:88] - 152
2020-09-29 17:24:35,148 - INFO - test_dispatch.py[:87] - 新增派单成功，新增的id为：
2020-09-29 17:24:35,148 - INFO - test_dispatch.py[:88] - 152
2020-09-29 17:24:35,217 - INFO - test_dispatch.py[:87] - 新增派单成功，新增的id为：
2020-09-29 17:24:35,217 - INFO - test_dispatch.py[:88] - 152
2020-09-29 17:24:35,286 - INFO - test_dispatch.py[:87] - 新增派单成功，新增的id为：
2020-09-29 17:24:35,287 - INFO - test_dispatch.py[:88] - 152
2020-09-29 17:24:35,349 - INFO - test_dispatch.py[:87] - 新增派单成功，新增的id为：
2020-09-29 17:24:35,349 - INFO - test_dispatch.py[:88] - 152
2020-09-29 17:26:32,013 - INFO - test_dispatch.py[:54] - 测试用户登录
2020-09-29 17:26:32,065 - INFO - test_dispatch.py[:86] - 新增派单成功，新增的id为：
2020-09-29 17:26:32,066 - INFO - test_dispatch.py[:87] - 152
2020-09-29 17:27:03,343 - INFO - test_dispatch.py[:54] - 测试用户登录
2020-09-29 17:27:03,422 - INFO - test_dispatch.py[:86] - 新增派单成功，新增的id为：
2020-09-29 17:27:03,422 - INFO - test_dispatch.py[:87] - 152
2020-09-29 17:27:38,104 - INFO - test_dispatch.py[:54] - 测试用户登录
2020-09-29 17:27:38,163 - INFO - test_dispatch.py[:86] - 新增派单成功，新增的id为：
2020-09-29 17:27:38,163 - INFO - test_dispatch.py[:87] - 152
2020-09-29 17:29:06,537 - INFO - test_dispatch.py[:54] - 测试用户登录
2020-09-29 17:29:06,608 - INFO - test_dispatch.py[:86] - 新增派单成功，新增的id为：
2020-09-29 17:29:06,608 - INFO - test_dispatch.py[:87] - 152
2020-09-29 17:30:13,151 - INFO - test_dispatch.py[:54] - 测试用户登录
2020-09-29 17:30:13,221 - INFO - test_dispatch.py[:86] - 新增派单成功，新增的id为：
2020-09-29 17:30:13,222 - INFO - test_dispatch.py[:87] - 152
2020-09-29 17:30:59,971 - INFO - test_dispatch.py[:54] - 测试用户登录
2020-09-29 17:31:00,027 - INFO - test_dispatch.py[:86] - 新增派单成功，新增的id为：
2020-09-29 17:31:00,027 - INFO - test_dispatch.py[:87] - 152
2020-09-29 17:32:30,741 - INFO - test_dispatch.py[:54] - 测试用户登录
2020-09-29 17:32:30,803 - INFO - test_dispatch.py[:86] - 新增派单成功，新增的id为：
2020-09-29 17:32:30,803 - INFO - test_dispatch.py[:87] - 152
2020-09-29 17:32:41,502 - INFO - test_dispatch.py[:54] - 测试用户登录
2020-09-29 17:32:41,553 - INFO - test_dispatch.py[:86] - 新增派单成功，新增的id为：
2020-09-29 17:32:41,553 - INFO - test_dispatch.py[:87] - 152
2020-09-29 17:33:26,164 - INFO - test_dispatch.py[:54] - 测试用户登录
2020-09-29 17:33:26,237 - INFO - test_dispatch.py[:86] - 新增派单成功，新增的id为：
2020-09-29 17:33:26,237 - INFO - test_dispatch.py[:87] - 152
2020-09-29 17:33:26,306 - INFO - test_dispatch.py[:86] - 新增派单成功，新增的id为：
2020-09-29 17:33:26,306 - INFO - test_dispatch.py[:87] - 152
2020-09-29 17:33:26,374 - INFO - test_dispatch.py[:86] - 新增派单成功，新增的id为：
2020-09-29 17:33:26,374 - INFO - test_dispatch.py[:87] - 152
2020-09-29 17:33:26,449 - INFO - test_dispatch.py[:86] - 新增派单成功，新增的id为：
2020-09-29 17:33:26,449 - INFO - test_dispatch.py[:87] - 152
2020-09-29 17:33:26,536 - INFO - test_dispatch.py[:86] - 新增派单成功，新增的id为：
2020-09-29 17:33:26,536 - INFO - test_dispatch.py[:87] - 152
2020-09-29 17:36:04,784 - INFO - test_dispatch.py[:54] - 测试用户登录
2020-09-29 17:36:04,841 - INFO - test_dispatch.py[:86] - 新增派单成功，新增的id为：
2020-09-29 17:36:04,841 - INFO - test_dispatch.py[:87] - 152
2020-09-29 17:36:04,899 - INFO - test_dispatch.py[:86] - 新增派单成功，新增的id为：
2020-09-29 17:36:04,899 - INFO - test_dispatch.py[:87] - 152
2020-09-29 17:36:04,968 - INFO - test_dispatch.py[:86] - 新增派单成功，新增的id为：
2020-09-29 17:36:04,968 - INFO - test_dispatch.py[:87] - 152
2020-09-29 17:36:05,042 - INFO - test_dispatch.py[:86] - 新增派单成功，新增的id为：
2020-09-29 17:36:05,042 - INFO - test_dispatch.py[:87] - 152
2020-09-29 17:36:05,117 - INFO - test_dispatch.py[:86] - 新增派单成功，新增的id为：
2020-09-29 17:36:05,117 - INFO - test_dispatch.py[:87] - 152
2020-09-29 17:37:45,008 - INFO - test_dispatch.py[:54] - 测试用户登录
2020-09-29 17:37:45,140 - INFO - test_dispatch.py[:86] - 新增派单成功，新增的id为：
2020-09-29 17:37:45,140 - INFO - test_dispatch.py[:87] - 152
2020-09-29 17:37:45,209 - INFO - test_dispatch.py[:86] - 新增派单成功，新增的id为：
2020-09-29 17:37:45,209 - INFO - test_dispatch.py[:87] - 152
2020-09-29 17:37:45,399 - INFO - test_dispatch.py[:86] - 新增派单成功，新增的id为：
2020-09-29 17:37:45,399 - INFO - test_dispatch.py[:87] - 152
2020-09-29 17:37:45,473 - INFO - test_dispatch.py[:86] - 新增派单成功，新增的id为：
2020-09-29 17:37:45,473 - INFO - test_dispatch.py[:87] - 152
2020-09-29 17:37:45,564 - INFO - test_dispatch.py[:86] - 新增派单成功，新增的id为：
2020-09-29 17:37:45,565 - INFO - test_dispatch.py[:87] - 152
2020-09-29 17:38:58,837 - INFO - test_dispatch.py[:54] - 测试用户登录
2020-09-29 17:38:58,894 - INFO - test_dispatch.py[:86] - 新增派单成功，新增的id为：
2020-09-29 17:38:58,894 - INFO - test_dispatch.py[:87] - 152
2020-09-29 17:38:58,957 - INFO - test_dispatch.py[:86] - 新增派单成功，新增的id为：
2020-09-29 17:38:58,958 - INFO - test_dispatch.py[:87] - 152
2020-09-29 17:38:59,021 - INFO - test_dispatch.py[:86] - 新增派单成功，新增的id为：
2020-09-29 17:38:59,022 - INFO - test_dispatch.py[:87] - 152
2020-09-29 17:39:39,992 - INFO - test_dispatch.py[:54] - 测试用户登录
2020-09-29 17:39:40,052 - INFO - test_dispatch.py[:86] - 新增派单成功，新增的id为：
2020-09-29 17:39:40,052 - INFO - test_dispatch.py[:87] - 152
2020-09-29 17:39:40,122 - INFO - test_dispatch.py[:86] - 新增派单成功，新增的id为：
2020-09-29 17:39:40,122 - INFO - test_dispatch.py[:87] - 152
2020-09-29 17:39:40,185 - INFO - test_dispatch.py[:86] - 新增派单成功，新增的id为：
2020-09-29 17:39:40,186 - INFO - test_dispatch.py[:87] - 152
2020-09-29 17:40:21,469 - INFO - test_dispatch.py[:54] - 测试用户登录
2020-09-29 17:40:21,559 - INFO - test_dispatch.py[:86] - 新增派单成功，新增的id为：
2020-09-29 17:40:21,559 - INFO - test_dispatch.py[:87] - 152
2020-09-29 17:40:21,640 - INFO - test_dispatch.py[:86] - 新增派单成功，新增的id为：
2020-09-29 17:40:21,640 - INFO - test_dispatch.py[:87] - 152
2020-09-29 17:40:21,715 - INFO - test_dispatch.py[:86] - 新增派单成功，新增的id为：
2020-09-29 17:40:21,715 - INFO - test_dispatch.py[:87] - 152
2020-09-29 17:41:47,058 - INFO - test_dispatch.py[:54] - 测试用户登录
2020-09-29 17:41:47,115 - INFO - test_dispatch.py[:86] - 新增派单成功，新增的id为：
2020-09-29 17:41:47,116 - INFO - test_dispatch.py[:87] - 152
2020-09-29 17:41:47,172 - INFO - test_dispatch.py[:86] - 新增派单成功，新增的id为：
2020-09-29 17:41:47,172 - INFO - test_dispatch.py[:87] - 152
2020-09-29 17:41:47,235 - INFO - test_dispatch.py[:86] - 新增派单成功，新增的id为：
2020-09-29 17:41:47,235 - INFO - test_dispatch.py[:87] - 152
2020-09-29 17:42:57,185 - INFO - test_dispatch.py[:56] - 测试用户登录
2020-09-29 17:42:57,252 - INFO - test_dispatch.py[:88] - 新增派单成功，新增的id为：
2020-09-29 17:42:57,252 - INFO - test_dispatch.py[:89] - 152
2020-09-29 17:42:57,326 - INFO - test_dispatch.py[:88] - 新增派单成功，新增的id为：
2020-09-29 17:42:57,327 - INFO - test_dispatch.py[:89] - 152
2020-09-29 17:42:57,395 - INFO - test_dispatch.py[:88] - 新增派单成功，新增的id为：
2020-09-29 17:42:57,395 - INFO - test_dispatch.py[:89] - 152
2020-09-29 17:45:38,000 - INFO - test_dispatch.py[:56] - 测试用户登录
2020-09-29 17:45:38,061 - INFO - test_dispatch.py[:88] - 新增派单成功，新增的id为：
2020-09-29 17:45:38,061 - INFO - test_dispatch.py[:89] - 152
2020-09-29 17:45:38,131 - INFO - test_dispatch.py[:88] - 新增派单成功，新增的id为：
2020-09-29 17:45:38,131 - INFO - test_dispatch.py[:89] - 152
2020-09-29 17:45:38,192 - INFO - test_dispatch.py[:88] - 新增派单成功，新增的id为：
2020-09-29 17:45:38,193 - INFO - test_dispatch.py[:89] - 152
2020-09-29 17:46:07,959 - INFO - test_dispatch.py[:56] - 测试用户登录
2020-09-29 17:46:08,012 - INFO - test_dispatch.py[:88] - 新增派单成功，新增的id为：
2020-09-29 17:46:08,013 - INFO - test_dispatch.py[:89] - 152
2020-09-29 17:46:08,071 - INFO - test_dispatch.py[:88] - 新增派单成功，新增的id为：
2020-09-29 17:46:08,071 - INFO - test_dispatch.py[:89] - 152
2020-09-29 17:46:08,134 - INFO - test_dispatch.py[:88] - 新增派单成功，新增的id为：
2020-09-29 17:46:08,134 - INFO - test_dispatch.py[:89] - 152
2020-09-29 17:48:11,533 - INFO - test_dispatch.py[:56] - 测试用户登录
2020-09-29 17:48:11,603 - INFO - test_dispatch.py[:88] - 新增派单成功，新增的id为：
2020-09-29 17:48:11,604 - INFO - test_dispatch.py[:89] - 152
2020-09-29 17:48:11,793 - INFO - test_dispatch.py[:88] - 新增派单成功，新增的id为：
2020-09-29 17:48:11,793 - INFO - test_dispatch.py[:89] - 152
2020-09-29 17:48:11,863 - INFO - test_dispatch.py[:88] - 新增派单成功，新增的id为：
2020-09-29 17:48:11,863 - INFO - test_dispatch.py[:89] - 152
2020-09-29 17:49:02,575 - INFO - test_dispatch.py[:56] - 测试用户登录
2020-09-29 17:49:02,643 - INFO - test_dispatch.py[:88] - 新增派单成功，新增的id为：
2020-09-29 17:49:02,643 - INFO - test_dispatch.py[:89] - 152
2020-09-29 17:49:02,712 - INFO - test_dispatch.py[:88] - 新增派单成功，新增的id为：
2020-09-29 17:49:02,713 - INFO - test_dispatch.py[:89] - 152
2020-09-29 17:49:02,780 - INFO - test_dispatch.py[:88] - 新增派单成功，新增的id为：
2020-09-29 17:49:02,780 - INFO - test_dispatch.py[:89] - 152
2020-09-29 17:49:26,799 - INFO - test_dispatch.py[:56] - 测试用户登录
2020-09-29 17:49:26,858 - INFO - test_dispatch.py[:88] - 新增派单成功，新增的id为：
2020-09-29 17:49:26,858 - INFO - test_dispatch.py[:89] - 152
2020-09-29 17:49:26,921 - INFO - test_dispatch.py[:88] - 新增派单成功，新增的id为：
2020-09-29 17:49:26,921 - INFO - test_dispatch.py[:89] - 152
2020-09-29 17:49:26,986 - INFO - test_dispatch.py[:88] - 新增派单成功，新增的id为：
2020-09-29 17:49:26,986 - INFO - test_dispatch.py[:89] - 152
2020-09-29 17:50:04,493 - INFO - test_dispatch.py[:56] - 测试用户登录
2020-09-29 17:50:04,553 - INFO - test_dispatch.py[:88] - 新增派单成功，新增的id为：
2020-09-29 17:50:04,554 - INFO - test_dispatch.py[:89] - 152
2020-09-29 17:50:04,616 - INFO - test_dispatch.py[:88] - 新增派单成功，新增的id为：
2020-09-29 17:50:04,616 - INFO - test_dispatch.py[:89] - 152
2020-09-29 17:50:04,708 - INFO - test_dispatch.py[:88] - 新增派单成功，新增的id为：
2020-09-29 17:50:04,708 - INFO - test_dispatch.py[:89] - 152
2020-09-29 17:50:45,454 - INFO - test_dispatch.py[:56] - 测试用户登录
2020-09-29 17:50:45,534 - INFO - test_dispatch.py[:88] - 新增派单成功，新增的id为：
2020-09-29 17:50:45,534 - INFO - test_dispatch.py[:89] - 152
2020-09-29 17:50:45,608 - INFO - test_dispatch.py[:88] - 新增派单成功，新增的id为：
2020-09-29 17:50:45,608 - INFO - test_dispatch.py[:89] - 152
2020-09-29 17:50:45,724 - INFO - test_dispatch.py[:88] - 新增派单成功，新增的id为：
2020-09-29 17:50:45,724 - INFO - test_dispatch.py[:89] - 152
2020-09-29 17:57:22,222 - INFO - test_dispatch.py[:56] - 测试用户登录
2020-09-29 17:57:22,348 - INFO - test_dispatch.py[:88] - 新增派单成功，新增的id为：
2020-09-29 17:57:22,348 - INFO - test_dispatch.py[:89] - 152
2020-09-29 17:57:22,429 - INFO - test_dispatch.py[:88] - 新增派单成功，新增的id为：
2020-09-29 17:57:22,429 - INFO - test_dispatch.py[:89] - 152
2020-09-29 17:57:22,492 - INFO - test_dispatch.py[:88] - 新增派单成功，新增的id为：
2020-09-29 17:57:22,493 - INFO - test_dispatch.py[:89] - 152
2020-09-29 17:57:47,252 - INFO - test_dispatch.py[:56] - 测试用户登录
2020-09-29 17:57:47,323 - INFO - test_dispatch.py[:88] - 新增派单成功，新增的id为：
2020-09-29 17:57:47,323 - INFO - test_dispatch.py[:89] - 152
2020-09-29 17:57:47,421 - INFO - test_dispatch.py[:88] - 新增派单成功，新增的id为：
2020-09-29 17:57:47,421 - INFO - test_dispatch.py[:89] - 152
2020-09-29 17:57:47,490 - INFO - test_dispatch.py[:88] - 新增派单成功，新增的id为：
2020-09-29 17:57:47,491 - INFO - test_dispatch.py[:89] - 152
2020-10-09 09:33:53,746 - INFO - test_dispatch.py[:56] - 测试用户登录
2020-10-12 10:10:42,579 - INFO - test_dispatch.py[:56] - 测试用户登录
2020-10-12 10:15:20,480 - INFO - test_dispatch.py[:56] - 测试用户登录
2020-10-12 10:15:20,550 - INFO - test_dispatch.py[:88] - 新增派单成功，新增的id为：
2020-10-12 10:15:20,550 - INFO - test_dispatch.py[:89] - 161
2020-10-12 10:15:20,660 - INFO - test_dispatch.py[:88] - 新增派单成功，新增的id为：
2020-10-12 10:15:20,660 - INFO - test_dispatch.py[:89] - 161
2020-10-12 10:15:20,722 - INFO - test_dispatch.py[:88] - 新增派单成功，新增的id为：
2020-10-12 10:15:20,722 - INFO - test_dispatch.py[:89] - 161
2020-10-12 10:16:44,816 - INFO - test_dispatch.py[:56] - 测试用户登录
2020-10-12 10:16:44,889 - INFO - test_dispatch.py[:88] - 新增派单成功，新增的id为：
2020-10-12 10:16:44,891 - INFO - test_dispatch.py[:89] - 161
2020-10-12 10:16:44,953 - INFO - test_dispatch.py[:88] - 新增派单成功，新增的id为：
2020-10-12 10:16:44,955 - INFO - test_dispatch.py[:89] - 161
2020-10-12 10:16:45,038 - INFO - test_dispatch.py[:88] - 新增派单成功，新增的id为：
2020-10-12 10:16:45,039 - INFO - test_dispatch.py[:89] - 161
2020-10-12 10:16:57,532 - INFO - test_dispatch.py[:56] - 测试用户登录
2020-10-12 10:16:57,602 - INFO - test_dispatch.py[:88] - 新增派单成功，新增的id为：
2020-10-12 10:16:57,603 - INFO - test_dispatch.py[:89] - 161
2020-10-12 10:16:57,682 - INFO - test_dispatch.py[:88] - 新增派单成功，新增的id为：
2020-10-12 10:16:57,684 - INFO - test_dispatch.py[:89] - 161
2020-10-12 10:16:57,751 - INFO - test_dispatch.py[:88] - 新增派单成功，新增的id为：
2020-10-12 10:16:57,753 - INFO - test_dispatch.py[:89] - 161
2020-10-12 10:23:02,104 - INFO - test_dispatch.py[:56] - 测试用户登录
2020-10-12 10:23:02,175 - INFO - test_dispatch.py[:88] - 新增派单成功，新增的id为：
2020-10-12 10:23:02,176 - INFO - test_dispatch.py[:89] - 161
2020-10-12 10:23:02,254 - INFO - test_dispatch.py[:88] - 新增派单成功，新增的id为：
2020-10-12 10:23:02,291 - INFO - test_dispatch.py[:89] - 161
2020-10-12 10:23:02,361 - INFO - test_dispatch.py[:88] - 新增派单成功，新增的id为：
2020-10-12 10:23:02,363 - INFO - test_dispatch.py[:89] - 161
2020-10-12 10:31:46,778 - INFO - test_dispatch.py[:56] - 测试用户登录
2020-10-12 10:31:46,837 - INFO - test_dispatch.py[:88] - 新增派单成功，新增的id为：
2020-10-12 10:31:46,838 - INFO - test_dispatch.py[:89] - 161
2020-10-12 10:31:46,923 - INFO - test_dispatch.py[:88] - 新增派单成功，新增的id为：
2020-10-12 10:31:46,925 - INFO - test_dispatch.py[:89] - 161
2020-10-12 10:31:47,009 - INFO - test_dispatch.py[:88] - 新增派单成功，新增的id为：
2020-10-12 10:31:47,010 - INFO - test_dispatch.py[:89] - 161
